2023-04-24 08:58:35,578 - train_voc.py - INFO: Pytorch version: 1.12.1
2023-04-24 08:58:36,540 - train_voc.py - INFO: GPU type: NVIDIA GeForce RTX 3090
2023-04-24 08:58:36,540 - train_voc.py - INFO: 
args: Namespace(aux_layer=-3, backbone='vit_base_patch16_224', backend='nccl', base_temp_lig=0.1, base_temp_lil=0.08, betas=(0.9, 0.999), bkg_thre=0.5, bkg_threshold=0.2, cam2mask_start=10000, cam_scales=(1.0, 0.5, 0.75, 1.5), ckpt_dir='work_dir_voc_wseg/2023-04-24-08-58-35-577461/checkpoints', crop_size=448, ctc_dim=768, data_folder='/data/ziqing/Jaye_Files/Dataset/VOC2012', eval_iters=2000, high_thre=0.7, ignore_index=255, list_folder='datasets/voc', local_crop_size=64, local_rank=0, log_iters=200, low_thre=0.25, lr=6e-05, mask_source='cam_aux', max_iters=20000, moco_queue=4608, momentum=0.999, ncrops=12, num_classes=21, num_workers=10, optimizer='PolyWarmupAdamW', pooling='gmp', power=0.9, pred_dir='work_dir_voc_wseg/2023-04-24-08-58-35-577461/predictions', pretrained=True, proto_m=0.9, save_ckpt=True, scales=(0.5, 2), seed=0, spg=4, temp_lig=0.1, temp_lil=0.08, train_set='train_aug', update_prototype=600, val_set='val', w_lig=0.5, w_lil=0.5, w_ptc=0.3, w_reg=0.05, w_seg=0.12, warmup_iters=1500, warmup_lr=1e-06, work_dir='work_dir_voc_wseg/2023-04-24-08-58-35-577461', wt_decay=0.01)
2023-04-24 08:58:36,541 - distributed_c10d.py - INFO: Added key: store_based_barrier_key:1 to store for rank: 0
2023-04-24 08:58:36,541 - distributed_c10d.py - INFO: Rank 0: Completed store-based barrier for key:store_based_barrier_key:1 with 1 nodes.
2023-04-24 08:58:36,541 - train_voc.py - INFO: Total gpus: 1, samples per gpu: 4...
2023-04-24 08:58:43,749 - train_voc.py - INFO: 
Optimizer: 
PolyWarmupAdamW (
Parameter Group 0
    amsgrad: False
    betas: (0.9, 0.999)
    capturable: False
    eps: 1e-08
    foreach: None
    lr: 6e-05
    maximize: False
    weight_decay: 0.01

Parameter Group 1
    amsgrad: False
    betas: (0.9, 0.999)
    capturable: False
    eps: 1e-08
    foreach: None
    lr: 6e-05
    maximize: False
    weight_decay: 0.01

Parameter Group 2
    amsgrad: False
    betas: (0.9, 0.999)
    capturable: False
    eps: 1e-08
    foreach: None
    lr: 0.0006000000000000001
    maximize: False
    weight_decay: 0.01

Parameter Group 3
    amsgrad: False
    betas: (0.9, 0.999)
    capturable: False
    eps: 1e-08
    foreach: None
    lr: 0.0006000000000000001
    maximize: False
    weight_decay: 0.01
)
2023-04-24 09:03:10,269 - train_voc.py - INFO: Iter: 200; Elasped: 0:04:34; ETA: 7:32:06; LR: 7.960e-06; cls_loss: 0.3865, cls_loss_aux: 2.8422, ptc_loss: 0.4114, lig_loss: 10.4679, lil_loss: 1.3575, seg_loss: 3.3731...
2023-04-24 09:07:30,731 - train_voc.py - INFO: Iter: 400; Elasped: 0:08:54; ETA: 7:16:06; LR: 1.596e-05; cls_loss: 0.2303, cls_loss_aux: 0.3557, ptc_loss: 0.4088, lig_loss: 9.6742, lil_loss: 1.2119, seg_loss: 3.3592...
2023-04-24 09:11:50,952 - train_voc.py - INFO: Iter: 600; Elasped: 0:13:14; ETA: 7:07:52; LR: 2.396e-05; cls_loss: 0.1864, cls_loss_aux: 0.2636, ptc_loss: 0.3816, lig_loss: 9.9269, lil_loss: 1.1503, seg_loss: 3.1585...
2023-04-24 09:16:12,082 - train_voc.py - INFO: Iter: 800; Elasped: 0:17:36; ETA: 7:02:24; LR: 3.196e-05; cls_loss: 0.1404, cls_loss_aux: 0.2116, ptc_loss: 0.3695, lig_loss: 1.3883, lil_loss: 1.2670, seg_loss: 2.5983...
2023-04-24 09:20:33,782 - train_voc.py - INFO: Iter: 1000; Elasped: 0:21:57; ETA: 6:57:03; LR: 3.996e-05; cls_loss: 0.1044, cls_loss_aux: 0.1748, ptc_loss: 0.3419, lig_loss: 1.4036, lil_loss: 1.3916, seg_loss: 2.5110...
2023-04-24 09:25:00,235 - train_voc.py - INFO: Iter: 1200; Elasped: 0:26:24; ETA: 6:53:36; LR: 4.796e-05; cls_loss: 0.0922, cls_loss_aux: 0.1807, ptc_loss: 0.3327, lig_loss: 1.2889, lil_loss: 1.4771, seg_loss: 2.4302...
2023-04-24 09:29:30,573 - train_voc.py - INFO: Iter: 1400; Elasped: 0:30:54; ETA: 6:50:31; LR: 5.596e-05; cls_loss: 0.0835, cls_loss_aux: 0.1684, ptc_loss: 0.2907, lig_loss: 1.0347, lil_loss: 1.1534, seg_loss: 2.7884...
2023-04-24 09:33:55,323 - train_voc.py - INFO: Iter: 1600; Elasped: 0:35:19; ETA: 6:46:08; LR: 5.566e-05; cls_loss: 0.0794, cls_loss_aux: 0.1647, ptc_loss: 0.2339, lig_loss: 0.9441, lil_loss: 1.2599, seg_loss: 3.0133...
2023-04-24 09:38:26,231 - train_voc.py - INFO: Iter: 1800; Elasped: 0:39:50; ETA: 6:42:45; LR: 5.512e-05; cls_loss: 0.0851, cls_loss_aux: 0.1614, ptc_loss: 0.1927, lig_loss: 0.9322, lil_loss: 1.3960, seg_loss: 3.2171...
2023-04-24 09:43:40,413 - train_voc.py - INFO: Iter: 2000; Elasped: 0:45:04; ETA: 6:45:36; LR: 5.457e-05; cls_loss: 0.0743, cls_loss_aux: 0.1381, ptc_loss: 0.1446, lig_loss: 0.8746, lil_loss: 1.6296, seg_loss: 3.4188...
2023-04-24 09:43:40,415 - train_voc.py - INFO: Validating...
2023-04-24 09:49:08,114 - train_voc.py - INFO: val cls score: 0.874677
2023-04-24 09:49:08,115 - train_voc.py - INFO: 
+--------------+--------+---------+----------+
|    Class     |  CAM   | aux_CAM | Seg_Pred |
+==============+========+=========+==========+
| _background_ | 66.683 | 84.996  | 4.531    |
+--------------+--------+---------+----------+
| aeroplane    | 45.142 | 53.536  | 0.026    |
+--------------+--------+---------+----------+
| bicycle      | 27.756 | 42.495  | 0.137    |
+--------------+--------+---------+----------+
| bird         | 40.342 | 70.166  | 0.134    |
+--------------+--------+---------+----------+
| boat         | 18.976 | 21.681  | 0.144    |
+--------------+--------+---------+----------+
| bottle       | 46.252 | 43.467  | 1.041    |
+--------------+--------+---------+----------+
| bus          | 71.848 | 82.440  | 1.552    |
+--------------+--------+---------+----------+
| car          | 62.852 | 71.109  | 0.985    |
+--------------+--------+---------+----------+
| cat          | 83.003 | 80.715  | 0.005    |
+--------------+--------+---------+----------+
| chair        | 14.983 | 17.945  | 0.987    |
+--------------+--------+---------+----------+
| cow          | 77.271 | 79.244  | 0.115    |
+--------------+--------+---------+----------+
| diningtable  | 41.790 | 48.304  | 1.444    |
+--------------+--------+---------+----------+
| dog          | 74.594 | 79.468  | 0.668    |
+--------------+--------+---------+----------+
| horse        | 69.599 | 80.186  | 3.395    |
+--------------+--------+---------+----------+
| motorbike    | 63.812 | 72.740  | 1.314    |
+--------------+--------+---------+----------+
| person       | 69.324 | 75.439  | 3.777    |
+--------------+--------+---------+----------+
| pottedplant  | 17.710 | 48.409  | 0.018    |
+--------------+--------+---------+----------+
| sheep        | 68.123 | 76.737  | 0.078    |
+--------------+--------+---------+----------+
| sofa         | 39.158 | 66.302  | 0.225    |
+--------------+--------+---------+----------+
| train        | 47.355 | 56.797  | 5.810    |
+--------------+--------+---------+----------+
| tvmonitor    | 20.659 | 41.871  | 1.362    |
+--------------+--------+---------+----------+
| mIoU         | 50.821 | 61.621  | 1.321    |
+--------------+--------+---------+----------+
2023-04-24 09:54:29,981 - train_voc.py - INFO: Iter: 2200; Elasped: 0:55:53; ETA: 7:32:08; LR: 5.403e-05; cls_loss: 0.1335, cls_loss_aux: 0.2396, ptc_loss: 0.1911, lig_loss: 0.9377, lil_loss: 1.7280, seg_loss: 2.8943...
2023-04-24 09:59:50,902 - train_voc.py - INFO: Iter: 2400; Elasped: 1:01:14; ETA: 7:29:02; LR: 5.348e-05; cls_loss: 0.0938, cls_loss_aux: 0.1495, ptc_loss: 0.1420, lig_loss: 0.9224, lil_loss: 1.7388, seg_loss: 0.7244...
2023-04-24 10:05:10,918 - train_voc.py - INFO: Iter: 2600; Elasped: 1:06:34; ETA: 7:25:29; LR: 5.293e-05; cls_loss: 0.0887, cls_loss_aux: 0.1570, ptc_loss: 0.1205, lig_loss: 0.9011, lil_loss: 1.8199, seg_loss: 0.6148...
2023-04-24 10:10:36,668 - train_voc.py - INFO: Iter: 2800; Elasped: 1:12:00; ETA: 7:22:17; LR: 5.239e-05; cls_loss: 0.0782, cls_loss_aux: 0.1252, ptc_loss: 0.1019, lig_loss: 0.8758, lil_loss: 1.8199, seg_loss: 0.6234...
2023-04-24 10:15:55,356 - train_voc.py - INFO: Iter: 3000; Elasped: 1:17:19; ETA: 7:18:07; LR: 5.184e-05; cls_loss: 0.0720, cls_loss_aux: 0.1199, ptc_loss: 0.1014, lig_loss: 0.8433, lil_loss: 1.7188, seg_loss: 0.4854...
2023-04-24 10:21:15,508 - train_voc.py - INFO: Iter: 3200; Elasped: 1:22:39; ETA: 7:13:54; LR: 5.129e-05; cls_loss: 0.0795, cls_loss_aux: 0.1487, ptc_loss: 0.1017, lig_loss: 0.9124, lil_loss: 1.9191, seg_loss: 0.4201...
2023-04-24 10:26:35,637 - train_voc.py - INFO: Iter: 3400; Elasped: 1:27:59; ETA: 7:09:33; LR: 5.074e-05; cls_loss: 0.0708, cls_loss_aux: 0.1220, ptc_loss: 0.0992, lig_loss: 0.9073, lil_loss: 1.7328, seg_loss: 0.2966...
2023-04-24 10:31:57,454 - train_voc.py - INFO: Iter: 3600; Elasped: 1:33:21; ETA: 7:05:15; LR: 5.019e-05; cls_loss: 0.0665, cls_loss_aux: 0.1120, ptc_loss: 0.0951, lig_loss: 0.8648, lil_loss: 1.7650, seg_loss: 0.3358...
2023-04-24 10:37:16,739 - train_voc.py - INFO: Iter: 3800; Elasped: 1:38:40; ETA: 7:00:37; LR: 4.964e-05; cls_loss: 0.0661, cls_loss_aux: 0.1049, ptc_loss: 0.0963, lig_loss: 0.8386, lil_loss: 1.8766, seg_loss: 0.2751...
2023-04-24 10:42:35,324 - train_voc.py - INFO: Iter: 4000; Elasped: 1:43:59; ETA: 6:55:56; LR: 4.909e-05; cls_loss: 0.0701, cls_loss_aux: 0.1205, ptc_loss: 0.0851, lig_loss: 0.8642, lil_loss: 1.7360, seg_loss: 0.3047...
2023-04-24 10:42:35,325 - train_voc.py - INFO: Validating...
2023-04-24 10:48:00,095 - train_voc.py - INFO: val cls score: 0.889615
2023-04-24 10:48:00,096 - train_voc.py - INFO: 
+--------------+--------+---------+----------+
|    Class     |  CAM   | aux_CAM | Seg_Pred |
+==============+========+=========+==========+
| _background_ | 90.239 | 89.240  | 88.444   |
+--------------+--------+---------+----------+
| aeroplane    | 71.895 | 76.350  | 77.067   |
+--------------+--------+---------+----------+
| bicycle      | 47.706 | 45.661  | 40.645   |
+--------------+--------+---------+----------+
| bird         | 82.845 | 84.469  | 64.267   |
+--------------+--------+---------+----------+
| boat         | 56.282 | 44.005  | 46.988   |
+--------------+--------+---------+----------+
| bottle       | 71.764 | 64.463  | 66.125   |
+--------------+--------+---------+----------+
| bus          | 86.560 | 82.946  | 83.013   |
+--------------+--------+---------+----------+
| car          | 80.277 | 77.175  | 71.767   |
+--------------+--------+---------+----------+
| cat          | 90.762 | 86.823  | 87.107   |
+--------------+--------+---------+----------+
| chair        | 35.778 | 33.874  | 25.965   |
+--------------+--------+---------+----------+
| cow          | 80.798 | 66.443  | 54.525   |
+--------------+--------+---------+----------+
| diningtable  | 27.061 | 52.111  | 20.903   |
+--------------+--------+---------+----------+
| dog          | 85.182 | 84.659  | 78.237   |
+--------------+--------+---------+----------+
| horse        | 86.764 | 80.484  | 82.590   |
+--------------+--------+---------+----------+
| motorbike    | 72.230 | 74.005  | 64.375   |
+--------------+--------+---------+----------+
| person       | 81.614 | 78.992  | 79.865   |
+--------------+--------+---------+----------+
| pottedplant  | 64.455 | 59.546  | 56.726   |
+--------------+--------+---------+----------+
| sheep        | 88.839 | 84.589  | 69.073   |
+--------------+--------+---------+----------+
| sofa         | 45.312 | 67.347  | 40.193   |
+--------------+--------+---------+----------+
| train        | 56.029 | 58.918  | 49.247   |
+--------------+--------+---------+----------+
| tvmonitor    | 51.464 | 51.868  | 44.078   |
+--------------+--------+---------+----------+
| mIoU         | 69.231 | 68.760  | 61.486   |
+--------------+--------+---------+----------+
2023-04-24 10:53:18,196 - train_voc.py - INFO: Iter: 4200; Elasped: 1:54:42; ETA: 7:11:29; LR: 4.853e-05; cls_loss: 0.0724, cls_loss_aux: 0.1250, ptc_loss: 0.1029, lig_loss: 0.8765, lil_loss: 1.7868, seg_loss: 0.3239...
2023-04-24 10:58:33,669 - train_voc.py - INFO: Iter: 4400; Elasped: 1:59:57; ETA: 7:05:16; LR: 4.798e-05; cls_loss: 0.0607, cls_loss_aux: 0.1072, ptc_loss: 0.0747, lig_loss: 0.8594, lil_loss: 1.8171, seg_loss: 0.2937...
2023-04-24 11:03:51,642 - train_voc.py - INFO: Iter: 4600; Elasped: 2:05:15; ETA: 6:59:18; LR: 4.743e-05; cls_loss: 0.0713, cls_loss_aux: 0.1229, ptc_loss: 0.0804, lig_loss: 0.8200, lil_loss: 1.6324, seg_loss: 0.2337...
2023-04-24 11:09:12,768 - train_voc.py - INFO: Iter: 4800; Elasped: 2:10:36; ETA: 6:53:34; LR: 4.687e-05; cls_loss: 0.0637, cls_loss_aux: 0.1067, ptc_loss: 0.0773, lig_loss: 0.7935, lil_loss: 1.8489, seg_loss: 0.2145...
2023-04-24 11:14:33,738 - train_voc.py - INFO: Iter: 5000; Elasped: 2:15:57; ETA: 6:47:51; LR: 4.632e-05; cls_loss: 0.0699, cls_loss_aux: 0.1128, ptc_loss: 0.0803, lig_loss: 0.8212, lil_loss: 1.8467, seg_loss: 0.3261...
2023-04-24 11:19:49,198 - train_voc.py - INFO: Iter: 5200; Elasped: 2:21:13; ETA: 6:41:55; LR: 4.576e-05; cls_loss: 0.0610, cls_loss_aux: 0.0973, ptc_loss: 0.0658, lig_loss: 0.8135, lil_loss: 1.7997, seg_loss: 0.2004...
2023-04-24 11:25:11,405 - train_voc.py - INFO: Iter: 5400; Elasped: 2:26:35; ETA: 6:36:19; LR: 4.520e-05; cls_loss: 0.0640, cls_loss_aux: 0.1086, ptc_loss: 0.0685, lig_loss: 0.7894, lil_loss: 1.7650, seg_loss: 0.3200...
2023-04-24 11:30:32,431 - train_voc.py - INFO: Iter: 5600; Elasped: 2:31:56; ETA: 6:30:41; LR: 4.465e-05; cls_loss: 0.0644, cls_loss_aux: 0.0972, ptc_loss: 0.0783, lig_loss: 0.7881, lil_loss: 1.8079, seg_loss: 0.1718...
2023-04-24 11:35:49,893 - train_voc.py - INFO: Iter: 5800; Elasped: 2:37:13; ETA: 6:24:54; LR: 4.409e-05; cls_loss: 0.0574, cls_loss_aux: 0.0887, ptc_loss: 0.0749, lig_loss: 0.7864, lil_loss: 1.8425, seg_loss: 0.2685...
2023-04-24 11:41:10,356 - train_voc.py - INFO: Iter: 6000; Elasped: 2:42:34; ETA: 6:19:19; LR: 4.353e-05; cls_loss: 0.0673, cls_loss_aux: 0.1068, ptc_loss: 0.0743, lig_loss: 0.8322, lil_loss: 1.8956, seg_loss: 0.2564...
2023-04-24 11:41:10,358 - train_voc.py - INFO: Validating...
2023-04-24 11:46:40,398 - train_voc.py - INFO: val cls score: 0.887187
2023-04-24 11:46:40,399 - train_voc.py - INFO: 
+--------------+--------+---------+----------+
|    Class     |  CAM   | aux_CAM | Seg_Pred |
+==============+========+=========+==========+
| _background_ | 90.364 | 89.822  | 89.872   |
+--------------+--------+---------+----------+
| aeroplane    | 78.210 | 79.370  | 81.154   |
+--------------+--------+---------+----------+
| bicycle      | 44.754 | 42.561  | 41.917   |
+--------------+--------+---------+----------+
| bird         | 84.446 | 82.879  | 85.113   |
+--------------+--------+---------+----------+
| boat         | 58.228 | 58.161  | 60.102   |
+--------------+--------+---------+----------+
| bottle       | 59.088 | 66.956  | 65.515   |
+--------------+--------+---------+----------+
| bus          | 85.758 | 83.875  | 83.940   |
+--------------+--------+---------+----------+
| car          | 81.878 | 73.351  | 80.165   |
+--------------+--------+---------+----------+
| cat          | 87.228 | 87.063  | 87.200   |
+--------------+--------+---------+----------+
| chair        | 44.341 | 46.563  | 30.680   |
+--------------+--------+---------+----------+
| cow          | 77.173 | 68.438  | 68.710   |
+--------------+--------+---------+----------+
| diningtable  | 42.332 | 55.260  | 40.713   |
+--------------+--------+---------+----------+
| dog          | 81.455 | 81.966  | 77.063   |
+--------------+--------+---------+----------+
| horse        | 84.308 | 78.909  | 78.298   |
+--------------+--------+---------+----------+
| motorbike    | 75.234 | 77.101  | 68.552   |
+--------------+--------+---------+----------+
| person       | 77.126 | 78.768  | 77.142   |
+--------------+--------+---------+----------+
| pottedplant  | 62.330 | 59.992  | 55.232   |
+--------------+--------+---------+----------+
| sheep        | 83.919 | 78.511  | 78.850   |
+--------------+--------+---------+----------+
| sofa         | 53.667 | 67.076  | 29.678   |
+--------------+--------+---------+----------+
| train        | 58.261 | 59.149  | 56.542   |
+--------------+--------+---------+----------+
| tvmonitor    | 51.966 | 50.269  | 49.683   |
+--------------+--------+---------+----------+
| mIoU         | 69.622 | 69.811  | 66.006   |
+--------------+--------+---------+----------+
2023-04-24 11:51:57,888 - train_voc.py - INFO: Iter: 6200; Elasped: 2:53:21; ETA: 6:25:50; LR: 4.297e-05; cls_loss: 0.0641, cls_loss_aux: 0.0956, ptc_loss: 0.0786, lig_loss: 0.8262, lil_loss: 1.8871, seg_loss: 0.2272...
2023-04-24 11:57:15,007 - train_voc.py - INFO: Iter: 6400; Elasped: 2:58:39; ETA: 6:19:37; LR: 4.241e-05; cls_loss: 0.0593, cls_loss_aux: 0.0932, ptc_loss: 0.0714, lig_loss: 0.7818, lil_loss: 1.7800, seg_loss: 0.2824...
2023-04-24 12:02:33,578 - train_voc.py - INFO: Iter: 6600; Elasped: 3:03:57; ETA: 6:13:28; LR: 4.185e-05; cls_loss: 0.0576, cls_loss_aux: 0.0911, ptc_loss: 0.0743, lig_loss: 0.7761, lil_loss: 1.7388, seg_loss: 0.1898...
2023-04-24 12:07:52,901 - train_voc.py - INFO: Iter: 6800; Elasped: 3:09:16; ETA: 6:07:24; LR: 4.128e-05; cls_loss: 0.0541, cls_loss_aux: 0.0853, ptc_loss: 0.0671, lig_loss: 0.7966, lil_loss: 1.9309, seg_loss: 0.1555...
2023-04-24 12:13:11,768 - train_voc.py - INFO: Iter: 7000; Elasped: 3:14:35; ETA: 6:01:22; LR: 4.072e-05; cls_loss: 0.0588, cls_loss_aux: 0.0929, ptc_loss: 0.0628, lig_loss: 0.8000, lil_loss: 1.7878, seg_loss: 0.1483...
2023-04-24 12:18:33,509 - train_voc.py - INFO: Iter: 7200; Elasped: 3:19:57; ETA: 5:55:28; LR: 4.016e-05; cls_loss: 0.0527, cls_loss_aux: 0.0756, ptc_loss: 0.0666, lig_loss: 0.7244, lil_loss: 1.7664, seg_loss: 0.1603...
2023-04-24 12:23:53,011 - train_voc.py - INFO: Iter: 7400; Elasped: 3:25:17; ETA: 5:49:32; LR: 3.959e-05; cls_loss: 0.0537, cls_loss_aux: 0.0749, ptc_loss: 0.0617, lig_loss: 0.7644, lil_loss: 1.8438, seg_loss: 0.1971...
2023-04-24 12:29:11,728 - train_voc.py - INFO: Iter: 7600; Elasped: 3:30:35; ETA: 5:43:35; LR: 3.902e-05; cls_loss: 0.0519, cls_loss_aux: 0.0771, ptc_loss: 0.0649, lig_loss: 0.7786, lil_loss: 1.6645, seg_loss: 0.1656...
2023-04-24 12:34:31,812 - train_voc.py - INFO: Iter: 7800; Elasped: 3:35:55; ETA: 5:37:42; LR: 3.846e-05; cls_loss: 0.0521, cls_loss_aux: 0.0763, ptc_loss: 0.0651, lig_loss: 0.7683, lil_loss: 1.7365, seg_loss: 0.1390...
2023-04-24 12:39:56,181 - train_voc.py - INFO: Iter: 8000; Elasped: 3:41:20; ETA: 5:32:00; LR: 3.789e-05; cls_loss: 0.0554, cls_loss_aux: 0.0779, ptc_loss: 0.0656, lig_loss: 0.8685, lil_loss: 1.9297, seg_loss: 0.1417...
2023-04-24 12:39:56,182 - train_voc.py - INFO: Validating...
2023-04-24 12:45:26,237 - train_voc.py - INFO: val cls score: 0.908974
2023-04-24 12:45:26,238 - train_voc.py - INFO: 
+--------------+--------+---------+----------+
|    Class     |  CAM   | aux_CAM | Seg_Pred |
+==============+========+=========+==========+
| _background_ | 91.220 | 90.065  | 90.638   |
+--------------+--------+---------+----------+
| aeroplane    | 83.764 | 81.682  | 83.383   |
+--------------+--------+---------+----------+
| bicycle      | 43.625 | 39.996  | 42.464   |
+--------------+--------+---------+----------+
| bird         | 85.609 | 85.550  | 86.931   |
+--------------+--------+---------+----------+
| boat         | 60.721 | 52.426  | 62.752   |
+--------------+--------+---------+----------+
| bottle       | 72.747 | 69.400  | 75.588   |
+--------------+--------+---------+----------+
| bus          | 87.299 | 81.677  | 84.787   |
+--------------+--------+---------+----------+
| car          | 81.570 | 74.394  | 80.118   |
+--------------+--------+---------+----------+
| cat          | 89.537 | 84.113  | 89.275   |
+--------------+--------+---------+----------+
| chair        | 42.201 | 39.589  | 28.159   |
+--------------+--------+---------+----------+
| cow          | 84.774 | 80.228  | 79.889   |
+--------------+--------+---------+----------+
| diningtable  | 51.004 | 53.020  | 49.777   |
+--------------+--------+---------+----------+
| dog          | 87.908 | 86.656  | 82.791   |
+--------------+--------+---------+----------+
| horse        | 84.992 | 78.915  | 81.635   |
+--------------+--------+---------+----------+
| motorbike    | 76.717 | 78.578  | 72.460   |
+--------------+--------+---------+----------+
| person       | 82.256 | 81.510  | 81.372   |
+--------------+--------+---------+----------+
| pottedplant  | 58.028 | 56.481  | 50.505   |
+--------------+--------+---------+----------+
| sheep        | 87.289 | 82.228  | 81.356   |
+--------------+--------+---------+----------+
| sofa         | 63.366 | 72.355  | 43.919   |
+--------------+--------+---------+----------+
| train        | 60.517 | 59.614  | 57.489   |
+--------------+--------+---------+----------+
| tvmonitor    | 49.461 | 52.011  | 46.266   |
+--------------+--------+---------+----------+
| mIoU         | 72.600 | 70.500  | 69.122   |
+--------------+--------+---------+----------+
2023-04-24 12:50:43,454 - train_voc.py - INFO: Iter: 8200; Elasped: 3:52:07; ETA: 5:34:01; LR: 3.732e-05; cls_loss: 0.0461, cls_loss_aux: 0.0628, ptc_loss: 0.0594, lig_loss: 0.8230, lil_loss: 1.5730, seg_loss: 0.1482...
2023-04-24 12:56:03,374 - train_voc.py - INFO: Iter: 8400; Elasped: 3:57:27; ETA: 5:27:54; LR: 3.675e-05; cls_loss: 0.0454, cls_loss_aux: 0.0635, ptc_loss: 0.0508, lig_loss: 0.8359, lil_loss: 1.5645, seg_loss: 0.1353...
2023-04-24 13:01:23,680 - train_voc.py - INFO: Iter: 8600; Elasped: 4:02:47; ETA: 5:21:49; LR: 3.618e-05; cls_loss: 0.0505, cls_loss_aux: 0.0669, ptc_loss: 0.0636, lig_loss: 0.9046, lil_loss: 1.6172, seg_loss: 0.1483...
2023-04-24 13:06:39,858 - train_voc.py - INFO: Iter: 8800; Elasped: 4:08:03; ETA: 5:15:42; LR: 3.561e-05; cls_loss: 0.0538, cls_loss_aux: 0.0746, ptc_loss: 0.0591, lig_loss: 0.9770, lil_loss: 1.7164, seg_loss: 0.1847...
2023-04-24 13:11:55,423 - train_voc.py - INFO: Iter: 9000; Elasped: 4:13:19; ETA: 5:09:36; LR: 3.504e-05; cls_loss: 0.0511, cls_loss_aux: 0.0674, ptc_loss: 0.0595, lig_loss: 0.9464, lil_loss: 1.6440, seg_loss: 0.1380...
2023-04-24 13:17:13,320 - train_voc.py - INFO: Iter: 9200; Elasped: 4:18:37; ETA: 5:03:35; LR: 3.446e-05; cls_loss: 0.0520, cls_loss_aux: 0.0667, ptc_loss: 0.0587, lig_loss: 1.0072, lil_loss: 1.6207, seg_loss: 0.1566...
2023-04-24 13:22:30,409 - train_voc.py - INFO: Iter: 9400; Elasped: 4:23:54; ETA: 4:57:35; LR: 3.389e-05; cls_loss: 0.0424, cls_loss_aux: 0.0565, ptc_loss: 0.0583, lig_loss: 0.9516, lil_loss: 1.3826, seg_loss: 0.1303...
2023-04-24 13:27:46,646 - train_voc.py - INFO: Iter: 9600; Elasped: 4:29:10; ETA: 4:51:35; LR: 3.331e-05; cls_loss: 0.0520, cls_loss_aux: 0.0675, ptc_loss: 0.0559, lig_loss: 0.9498, lil_loss: 1.6617, seg_loss: 0.1292...
2023-04-24 13:33:00,979 - train_voc.py - INFO: Iter: 9800; Elasped: 4:34:24; ETA: 4:45:36; LR: 3.273e-05; cls_loss: 0.0513, cls_loss_aux: 0.0671, ptc_loss: 0.0611, lig_loss: 0.9879, lil_loss: 1.7072, seg_loss: 0.1191...
2023-04-24 13:38:16,408 - train_voc.py - INFO: Iter: 10000; Elasped: 4:39:40; ETA: 4:39:40; LR: 3.216e-05; cls_loss: 0.0466, cls_loss_aux: 0.0580, ptc_loss: 0.0539, lig_loss: 0.9168, lil_loss: 1.7399, seg_loss: 0.1015...
2023-04-24 13:38:16,409 - train_voc.py - INFO: Validating...
2023-04-24 13:43:44,979 - train_voc.py - INFO: val cls score: 0.911289
2023-04-24 13:43:44,980 - train_voc.py - INFO: 
+--------------+--------+---------+----------+
|    Class     |  CAM   | aux_CAM | Seg_Pred |
+==============+========+=========+==========+
| _background_ | 91.370 | 90.029  | 91.065   |
+--------------+--------+---------+----------+
| aeroplane    | 82.227 | 82.095  | 79.844   |
+--------------+--------+---------+----------+
| bicycle      | 43.015 | 38.741  | 40.779   |
+--------------+--------+---------+----------+
| bird         | 85.516 | 85.480  | 86.317   |
+--------------+--------+---------+----------+
| boat         | 63.376 | 58.371  | 62.470   |
+--------------+--------+---------+----------+
| bottle       | 75.719 | 62.027  | 79.472   |
+--------------+--------+---------+----------+
| bus          | 86.364 | 81.912  | 85.614   |
+--------------+--------+---------+----------+
| car          | 77.464 | 67.841  | 76.989   |
+--------------+--------+---------+----------+
| cat          | 87.093 | 80.803  | 87.689   |
+--------------+--------+---------+----------+
| chair        | 41.650 | 41.172  | 33.248   |
+--------------+--------+---------+----------+
| cow          | 81.054 | 79.653  | 79.775   |
+--------------+--------+---------+----------+
| diningtable  | 49.728 | 50.695  | 36.949   |
+--------------+--------+---------+----------+
| dog          | 87.475 | 85.453  | 83.581   |
+--------------+--------+---------+----------+
| horse        | 85.642 | 81.557  | 83.704   |
+--------------+--------+---------+----------+
| motorbike    | 76.453 | 76.040  | 65.551   |
+--------------+--------+---------+----------+
| person       | 82.733 | 80.760  | 81.428   |
+--------------+--------+---------+----------+
| pottedplant  | 61.090 | 46.354  | 53.029   |
+--------------+--------+---------+----------+
| sheep        | 87.308 | 80.764  | 85.252   |
+--------------+--------+---------+----------+
| sofa         | 63.078 | 71.130  | 51.376   |
+--------------+--------+---------+----------+
| train        | 66.773 | 66.368  | 65.176   |
+--------------+--------+---------+----------+
| tvmonitor    | 49.573 | 54.512  | 48.603   |
+--------------+--------+---------+----------+
| mIoU         | 72.605 | 69.607  | 69.424   |
+--------------+--------+---------+----------+
2023-04-24 13:49:08,043 - train_voc.py - INFO: Iter: 10200; Elasped: 4:50:32; ETA: 4:39:08; LR: 3.158e-05; cls_loss: 0.0500, cls_loss_aux: 0.0608, ptc_loss: 0.0498, lig_loss: 0.9052, lil_loss: 1.6751, seg_loss: 0.1434...
2023-04-24 13:54:40,075 - train_voc.py - INFO: Iter: 10400; Elasped: 4:56:04; ETA: 4:33:17; LR: 3.100e-05; cls_loss: 0.0489, cls_loss_aux: 0.0583, ptc_loss: 0.0532, lig_loss: 0.9409, lil_loss: 1.7847, seg_loss: 0.1005...
2023-04-24 14:00:15,180 - train_voc.py - INFO: Iter: 10600; Elasped: 5:01:39; ETA: 4:27:30; LR: 3.041e-05; cls_loss: 0.0469, cls_loss_aux: 0.0620, ptc_loss: 0.0506, lig_loss: 0.9019, lil_loss: 1.6573, seg_loss: 0.1240...
2023-04-24 14:05:52,147 - train_voc.py - INFO: Iter: 10800; Elasped: 5:07:16; ETA: 4:21:44; LR: 2.983e-05; cls_loss: 0.0458, cls_loss_aux: 0.0526, ptc_loss: 0.0600, lig_loss: 0.9013, lil_loss: 1.7629, seg_loss: 0.1035...
2023-04-24 14:11:25,427 - train_voc.py - INFO: Iter: 11000; Elasped: 5:12:49; ETA: 4:15:56; LR: 2.925e-05; cls_loss: 0.0401, cls_loss_aux: 0.0457, ptc_loss: 0.0494, lig_loss: 0.8130, lil_loss: 1.4241, seg_loss: 0.1181...
2023-04-24 14:17:06,893 - train_voc.py - INFO: Iter: 11200; Elasped: 5:18:30; ETA: 4:10:15; LR: 2.866e-05; cls_loss: 0.0411, cls_loss_aux: 0.0448, ptc_loss: 0.0517, lig_loss: 0.7911, lil_loss: 1.3910, seg_loss: 0.1363...
2023-04-24 14:22:41,043 - train_voc.py - INFO: Iter: 11400; Elasped: 5:24:05; ETA: 4:04:29; LR: 2.807e-05; cls_loss: 0.0409, cls_loss_aux: 0.0474, ptc_loss: 0.0522, lig_loss: 0.7534, lil_loss: 1.5314, seg_loss: 0.1727...
2023-04-24 14:28:19,457 - train_voc.py - INFO: Iter: 11600; Elasped: 5:29:43; ETA: 3:58:45; LR: 2.749e-05; cls_loss: 0.0433, cls_loss_aux: 0.0513, ptc_loss: 0.0584, lig_loss: 0.7555, lil_loss: 1.6968, seg_loss: 0.0802...
2023-04-24 14:33:53,137 - train_voc.py - INFO: Iter: 11800; Elasped: 5:35:17; ETA: 3:52:59; LR: 2.690e-05; cls_loss: 0.0437, cls_loss_aux: 0.0482, ptc_loss: 0.0595, lig_loss: 0.7734, lil_loss: 1.6526, seg_loss: 0.1107...
2023-04-24 14:39:23,613 - train_voc.py - INFO: Iter: 12000; Elasped: 5:40:47; ETA: 3:47:11; LR: 2.631e-05; cls_loss: 0.0411, cls_loss_aux: 0.0496, ptc_loss: 0.0612, lig_loss: 0.7533, lil_loss: 1.6452, seg_loss: 0.1091...
2023-04-24 14:39:23,619 - train_voc.py - INFO: Validating...
2023-04-24 14:44:59,967 - train_voc.py - INFO: val cls score: 0.915756
2023-04-24 14:44:59,968 - train_voc.py - INFO: 
+--------------+--------+---------+----------+
|    Class     |  CAM   | aux_CAM | Seg_Pred |
+==============+========+=========+==========+
| _background_ | 91.669 | 90.287  | 91.221   |
+--------------+--------+---------+----------+
| aeroplane    | 80.581 | 82.096  | 80.955   |
+--------------+--------+---------+----------+
| bicycle      | 43.289 | 37.448  | 36.759   |
+--------------+--------+---------+----------+
| bird         | 86.855 | 85.710  | 85.869   |
+--------------+--------+---------+----------+
| boat         | 65.775 | 59.697  | 58.873   |
+--------------+--------+---------+----------+
| bottle       | 75.324 | 62.164  | 75.151   |
+--------------+--------+---------+----------+
| bus          | 88.461 | 80.439  | 86.878   |
+--------------+--------+---------+----------+
| car          | 79.649 | 73.709  | 80.671   |
+--------------+--------+---------+----------+
| cat          | 87.543 | 82.927  | 88.005   |
+--------------+--------+---------+----------+
| chair        | 47.659 | 49.415  | 33.647   |
+--------------+--------+---------+----------+
| cow          | 85.397 | 77.644  | 82.419   |
+--------------+--------+---------+----------+
| diningtable  | 53.257 | 51.920  | 46.461   |
+--------------+--------+---------+----------+
| dog          | 87.051 | 83.724  | 83.759   |
+--------------+--------+---------+----------+
| horse        | 84.776 | 80.094  | 83.263   |
+--------------+--------+---------+----------+
| motorbike    | 77.337 | 77.543  | 72.917   |
+--------------+--------+---------+----------+
| person       | 83.597 | 80.574  | 82.104   |
+--------------+--------+---------+----------+
| pottedplant  | 62.052 | 55.957  | 58.351   |
+--------------+--------+---------+----------+
| sheep        | 85.391 | 78.277  | 86.052   |
+--------------+--------+---------+----------+
| sofa         | 65.561 | 69.434  | 50.862   |
+--------------+--------+---------+----------+
| train        | 61.896 | 63.047  | 60.349   |
+--------------+--------+---------+----------+
| tvmonitor    | 56.912 | 57.786  | 49.753   |
+--------------+--------+---------+----------+
| mIoU         | 73.811 | 70.471  | 70.206   |
+--------------+--------+---------+----------+
2023-04-24 14:50:29,241 - train_voc.py - INFO: Iter: 12200; Elasped: 5:51:53; ETA: 3:44:58; LR: 2.571e-05; cls_loss: 0.0407, cls_loss_aux: 0.0459, ptc_loss: 0.0543, lig_loss: 0.7289, lil_loss: 1.6260, seg_loss: 0.1094...
2023-04-24 14:55:55,095 - train_voc.py - INFO: Iter: 12400; Elasped: 5:57:19; ETA: 3:39:00; LR: 2.512e-05; cls_loss: 0.0406, cls_loss_aux: 0.0454, ptc_loss: 0.0591, lig_loss: 0.6756, lil_loss: 1.7338, seg_loss: 0.0938...
2023-04-24 15:01:22,429 - train_voc.py - INFO: Iter: 12600; Elasped: 6:02:46; ETA: 3:33:03; LR: 2.452e-05; cls_loss: 0.0382, cls_loss_aux: 0.0432, ptc_loss: 0.0496, lig_loss: 0.6733, lil_loss: 1.7017, seg_loss: 0.0923...
2023-04-24 15:06:56,299 - train_voc.py - INFO: Iter: 12800; Elasped: 6:08:20; ETA: 3:27:11; LR: 2.393e-05; cls_loss: 0.0392, cls_loss_aux: 0.0457, ptc_loss: 0.0540, lig_loss: 0.6542, lil_loss: 1.7066, seg_loss: 0.1028...
2023-04-24 15:12:28,905 - train_voc.py - INFO: Iter: 13000; Elasped: 6:13:52; ETA: 3:21:18; LR: 2.333e-05; cls_loss: 0.0439, cls_loss_aux: 0.0467, ptc_loss: 0.0456, lig_loss: 0.6907, lil_loss: 1.7473, seg_loss: 0.1069...
2023-04-24 15:18:03,035 - train_voc.py - INFO: Iter: 13200; Elasped: 6:19:27; ETA: 3:15:28; LR: 2.273e-05; cls_loss: 0.0437, cls_loss_aux: 0.0506, ptc_loss: 0.0570, lig_loss: 0.6835, lil_loss: 1.7340, seg_loss: 0.0964...
2023-04-24 15:23:42,183 - train_voc.py - INFO: Iter: 13400; Elasped: 6:25:06; ETA: 3:09:40; LR: 2.212e-05; cls_loss: 0.0368, cls_loss_aux: 0.0397, ptc_loss: 0.0506, lig_loss: 0.6560, lil_loss: 1.5910, seg_loss: 0.0772...
2023-04-24 15:29:14,548 - train_voc.py - INFO: Iter: 13600; Elasped: 6:30:38; ETA: 3:03:49; LR: 2.152e-05; cls_loss: 0.0364, cls_loss_aux: 0.0335, ptc_loss: 0.0427, lig_loss: 0.6212, lil_loss: 1.5993, seg_loss: 0.0927...
2023-04-24 15:34:48,285 - train_voc.py - INFO: Iter: 13800; Elasped: 6:36:12; ETA: 2:58:00; LR: 2.091e-05; cls_loss: 0.0358, cls_loss_aux: 0.0335, ptc_loss: 0.0578, lig_loss: 0.6801, lil_loss: 1.7759, seg_loss: 0.0867...
2023-04-24 15:40:25,003 - train_voc.py - INFO: Iter: 14000; Elasped: 6:41:49; ETA: 2:52:12; LR: 2.031e-05; cls_loss: 0.0338, cls_loss_aux: 0.0352, ptc_loss: 0.0546, lig_loss: 0.6383, lil_loss: 1.6903, seg_loss: 0.0806...
2023-04-24 15:40:25,005 - train_voc.py - INFO: Validating...
2023-04-24 15:45:58,468 - train_voc.py - INFO: val cls score: 0.926111
2023-04-24 15:45:58,469 - train_voc.py - INFO: 
+--------------+--------+---------+----------+
|    Class     |  CAM   | aux_CAM | Seg_Pred |
+==============+========+=========+==========+
| _background_ | 91.505 | 90.097  | 91.388   |
+--------------+--------+---------+----------+
| aeroplane    | 83.303 | 82.357  | 83.074   |
+--------------+--------+---------+----------+
| bicycle      | 41.483 | 37.196  | 39.027   |
+--------------+--------+---------+----------+
| bird         | 86.192 | 85.885  | 87.737   |
+--------------+--------+---------+----------+
| boat         | 68.255 | 62.332  | 67.313   |
+--------------+--------+---------+----------+
| bottle       | 77.360 | 70.985  | 76.738   |
+--------------+--------+---------+----------+
| bus          | 87.302 | 82.019  | 85.955   |
+--------------+--------+---------+----------+
| car          | 76.321 | 70.405  | 76.547   |
+--------------+--------+---------+----------+
| cat          | 86.289 | 82.780  | 85.543   |
+--------------+--------+---------+----------+
| chair        | 41.826 | 41.558  | 27.550   |
+--------------+--------+---------+----------+
| cow          | 85.672 | 77.735  | 85.962   |
+--------------+--------+---------+----------+
| diningtable  | 51.223 | 51.598  | 50.389   |
+--------------+--------+---------+----------+
| dog          | 85.653 | 84.124  | 79.804   |
+--------------+--------+---------+----------+
| horse        | 83.446 | 77.043  | 82.843   |
+--------------+--------+---------+----------+
| motorbike    | 76.878 | 76.229  | 71.830   |
+--------------+--------+---------+----------+
| person       | 81.811 | 79.630  | 81.436   |
+--------------+--------+---------+----------+
| pottedplant  | 65.236 | 51.477  | 60.523   |
+--------------+--------+---------+----------+
| sheep        | 84.383 | 78.333  | 85.312   |
+--------------+--------+---------+----------+
| sofa         | 61.884 | 70.879  | 50.092   |
+--------------+--------+---------+----------+
| train        | 61.102 | 59.158  | 59.200   |
+--------------+--------+---------+----------+
| tvmonitor    | 61.020 | 59.479  | 60.564   |
+--------------+--------+---------+----------+
| mIoU         | 73.245 | 70.062  | 70.896   |
+--------------+--------+---------+----------+
2023-04-24 15:51:34,838 - train_voc.py - INFO: Iter: 14200; Elasped: 6:52:58; ETA: 2:48:40; LR: 1.970e-05; cls_loss: 0.0358, cls_loss_aux: 0.0355, ptc_loss: 0.0477, lig_loss: 0.6432, lil_loss: 1.5808, seg_loss: 0.0810...
2023-04-24 15:57:07,781 - train_voc.py - INFO: Iter: 14400; Elasped: 6:58:31; ETA: 2:42:45; LR: 1.908e-05; cls_loss: 0.0370, cls_loss_aux: 0.0355, ptc_loss: 0.0454, lig_loss: 0.6584, lil_loss: 1.6478, seg_loss: 0.1036...
2023-04-24 16:02:46,364 - train_voc.py - INFO: Iter: 14600; Elasped: 7:04:10; ETA: 2:36:53; LR: 1.847e-05; cls_loss: 0.0340, cls_loss_aux: 0.0340, ptc_loss: 0.0397, lig_loss: 0.6192, lil_loss: 1.6530, seg_loss: 0.0917...
2023-04-24 16:08:14,197 - train_voc.py - INFO: Iter: 14800; Elasped: 7:09:38; ETA: 2:30:57; LR: 1.785e-05; cls_loss: 0.0314, cls_loss_aux: 0.0307, ptc_loss: 0.0532, lig_loss: 0.6365, lil_loss: 1.6484, seg_loss: 0.0888...
2023-04-24 16:13:45,545 - train_voc.py - INFO: Iter: 15000; Elasped: 7:15:09; ETA: 2:25:03; LR: 1.723e-05; cls_loss: 0.0366, cls_loss_aux: 0.0329, ptc_loss: 0.0459, lig_loss: 0.6700, lil_loss: 1.6044, seg_loss: 0.0808...
2023-04-24 16:19:21,463 - train_voc.py - INFO: Iter: 15200; Elasped: 7:20:45; ETA: 2:19:11; LR: 1.661e-05; cls_loss: 0.0330, cls_loss_aux: 0.0305, ptc_loss: 0.0540, lig_loss: 0.6751, lil_loss: 1.6205, seg_loss: 0.0689...
2023-04-24 16:24:50,253 - train_voc.py - INFO: Iter: 15400; Elasped: 7:26:14; ETA: 2:13:17; LR: 1.599e-05; cls_loss: 0.0339, cls_loss_aux: 0.0346, ptc_loss: 0.0527, lig_loss: 0.7077, lil_loss: 1.6481, seg_loss: 0.0806...
2023-04-24 16:30:25,359 - train_voc.py - INFO: Iter: 15600; Elasped: 7:31:49; ETA: 2:07:26; LR: 1.536e-05; cls_loss: 0.0347, cls_loss_aux: 0.0347, ptc_loss: 0.0485, lig_loss: 0.7204, lil_loss: 1.7365, seg_loss: 0.0881...
2023-04-24 16:35:58,192 - train_voc.py - INFO: Iter: 15800; Elasped: 7:37:22; ETA: 2:01:34; LR: 1.473e-05; cls_loss: 0.0346, cls_loss_aux: 0.0336, ptc_loss: 0.0427, lig_loss: 0.7166, lil_loss: 1.7174, seg_loss: 0.0662...
2023-04-24 16:41:35,559 - train_voc.py - INFO: Iter: 16000; Elasped: 7:42:59; ETA: 1:55:44; LR: 1.410e-05; cls_loss: 0.0319, cls_loss_aux: 0.0295, ptc_loss: 0.0438, lig_loss: 0.7071, lil_loss: 1.4541, seg_loss: 0.0688...
2023-04-24 16:41:35,560 - train_voc.py - INFO: Validating...
2023-04-24 16:47:09,323 - train_voc.py - INFO: val cls score: 0.923795
2023-04-24 16:47:09,326 - train_voc.py - INFO: 
+--------------+--------+---------+----------+
|    Class     |  CAM   | aux_CAM | Seg_Pred |
+==============+========+=========+==========+
| _background_ | 91.942 | 90.610  | 91.865   |
+--------------+--------+---------+----------+
| aeroplane    | 82.900 | 81.838  | 84.736   |
+--------------+--------+---------+----------+
| bicycle      | 41.540 | 35.681  | 39.123   |
+--------------+--------+---------+----------+
| bird         | 87.009 | 86.474  | 87.746   |
+--------------+--------+---------+----------+
| boat         | 65.610 | 58.931  | 66.198   |
+--------------+--------+---------+----------+
| bottle       | 77.928 | 67.102  | 77.415   |
+--------------+--------+---------+----------+
| bus          | 88.654 | 85.805  | 87.511   |
+--------------+--------+---------+----------+
| car          | 80.993 | 75.274  | 78.497   |
+--------------+--------+---------+----------+
| cat          | 86.647 | 83.212  | 87.490   |
+--------------+--------+---------+----------+
| chair        | 46.793 | 46.456  | 34.548   |
+--------------+--------+---------+----------+
| cow          | 84.265 | 78.223  | 81.097   |
+--------------+--------+---------+----------+
| diningtable  | 53.762 | 54.991  | 53.101   |
+--------------+--------+---------+----------+
| dog          | 87.540 | 83.721  | 84.303   |
+--------------+--------+---------+----------+
| horse        | 83.804 | 77.023  | 83.177   |
+--------------+--------+---------+----------+
| motorbike    | 76.705 | 77.610  | 72.799   |
+--------------+--------+---------+----------+
| person       | 84.278 | 80.526  | 83.079   |
+--------------+--------+---------+----------+
| pottedplant  | 59.418 | 46.313  | 57.062   |
+--------------+--------+---------+----------+
| sheep        | 87.781 | 82.792  | 86.424   |
+--------------+--------+---------+----------+
| sofa         | 67.512 | 70.227  | 54.837   |
+--------------+--------+---------+----------+
| train        | 63.779 | 62.567  | 62.380   |
+--------------+--------+---------+----------+
| tvmonitor    | 61.984 | 61.964  | 57.795   |
+--------------+--------+---------+----------+
| mIoU         | 74.326 | 70.826  | 71.961   |
+--------------+--------+---------+----------+
2023-04-24 16:52:44,997 - train_voc.py - INFO: Iter: 16200; Elasped: 7:54:08; ETA: 1:51:12; LR: 1.346e-05; cls_loss: 0.0336, cls_loss_aux: 0.0260, ptc_loss: 0.0470, lig_loss: 0.6939, lil_loss: 1.4881, seg_loss: 0.0823...
2023-04-24 16:58:19,206 - train_voc.py - INFO: Iter: 16400; Elasped: 7:59:43; ETA: 1:45:18; LR: 1.282e-05; cls_loss: 0.0318, cls_loss_aux: 0.0285, ptc_loss: 0.0607, lig_loss: 0.7521, lil_loss: 1.6619, seg_loss: 0.0641...
2023-04-24 17:03:48,091 - train_voc.py - INFO: Iter: 16600; Elasped: 8:05:12; ETA: 1:39:22; LR: 1.218e-05; cls_loss: 0.0307, cls_loss_aux: 0.0271, ptc_loss: 0.0608, lig_loss: 0.7499, lil_loss: 1.4682, seg_loss: 0.0829...
2023-04-24 17:09:14,892 - train_voc.py - INFO: Iter: 16800; Elasped: 8:10:38; ETA: 1:33:27; LR: 1.153e-05; cls_loss: 0.0289, cls_loss_aux: 0.0240, ptc_loss: 0.0394, lig_loss: 0.6958, lil_loss: 1.5541, seg_loss: 0.0705...
2023-04-24 17:14:45,009 - train_voc.py - INFO: Iter: 17000; Elasped: 8:16:09; ETA: 1:27:33; LR: 1.088e-05; cls_loss: 0.0309, cls_loss_aux: 0.0281, ptc_loss: 0.0510, lig_loss: 0.7241, lil_loss: 1.6457, seg_loss: 0.0729...
2023-04-24 17:20:22,274 - train_voc.py - INFO: Iter: 17200; Elasped: 8:21:46; ETA: 1:21:40; LR: 1.023e-05; cls_loss: 0.0302, cls_loss_aux: 0.0261, ptc_loss: 0.0446, lig_loss: 0.7386, lil_loss: 1.6377, seg_loss: 0.0738...
2023-04-24 17:25:51,091 - train_voc.py - INFO: Iter: 17400; Elasped: 8:27:15; ETA: 1:15:47; LR: 9.569e-06; cls_loss: 0.0336, cls_loss_aux: 0.0284, ptc_loss: 0.0544, lig_loss: 0.7119, lil_loss: 1.6561, seg_loss: 0.0673...
2023-04-24 17:31:23,783 - train_voc.py - INFO: Iter: 17600; Elasped: 8:32:47; ETA: 1:09:55; LR: 8.904e-06; cls_loss: 0.0284, cls_loss_aux: 0.0250, ptc_loss: 0.0493, lig_loss: 0.7331, lil_loss: 1.7487, seg_loss: 0.0646...
2023-04-24 17:37:01,575 - train_voc.py - INFO: Iter: 17800; Elasped: 8:38:25; ETA: 1:04:04; LR: 8.233e-06; cls_loss: 0.0320, cls_loss_aux: 0.0259, ptc_loss: 0.0428, lig_loss: 0.7340, lil_loss: 1.6638, seg_loss: 0.0633...
2023-04-24 17:42:31,041 - train_voc.py - INFO: Iter: 18000; Elasped: 8:43:55; ETA: 0:58:12; LR: 7.557e-06; cls_loss: 0.0295, cls_loss_aux: 0.0236, ptc_loss: 0.0439, lig_loss: 0.6816, lil_loss: 1.6954, seg_loss: 0.0853...
2023-04-24 17:42:31,042 - train_voc.py - INFO: Validating...
2023-04-24 17:48:06,852 - train_voc.py - INFO: val cls score: 0.922812
2023-04-24 17:48:06,854 - train_voc.py - INFO: 
+--------------+--------+---------+----------+
|    Class     |  CAM   | aux_CAM | Seg_Pred |
+==============+========+=========+==========+
| _background_ | 91.825 | 90.122  | 91.858   |
+--------------+--------+---------+----------+
| aeroplane    | 83.375 | 82.181  | 84.385   |
+--------------+--------+---------+----------+
| bicycle      | 41.492 | 36.544  | 39.117   |
+--------------+--------+---------+----------+
| bird         | 87.056 | 83.574  | 87.716   |
+--------------+--------+---------+----------+
| boat         | 66.910 | 58.367  | 64.297   |
+--------------+--------+---------+----------+
| bottle       | 78.713 | 63.141  | 77.384   |
+--------------+--------+---------+----------+
| bus          | 87.349 | 82.721  | 87.237   |
+--------------+--------+---------+----------+
| car          | 79.752 | 73.182  | 79.021   |
+--------------+--------+---------+----------+
| cat          | 86.115 | 81.137  | 88.102   |
+--------------+--------+---------+----------+
| chair        | 48.891 | 47.245  | 35.140   |
+--------------+--------+---------+----------+
| cow          | 81.817 | 75.320  | 80.710   |
+--------------+--------+---------+----------+
| diningtable  | 52.459 | 54.053  | 51.969   |
+--------------+--------+---------+----------+
| dog          | 86.318 | 82.643  | 85.357   |
+--------------+--------+---------+----------+
| horse        | 82.639 | 77.449  | 83.458   |
+--------------+--------+---------+----------+
| motorbike    | 76.304 | 77.300  | 72.249   |
+--------------+--------+---------+----------+
| person       | 84.293 | 80.779  | 83.016   |
+--------------+--------+---------+----------+
| pottedplant  | 60.943 | 48.626  | 59.704   |
+--------------+--------+---------+----------+
| sheep        | 86.303 | 81.592  | 84.801   |
+--------------+--------+---------+----------+
| sofa         | 67.726 | 69.406  | 52.082   |
+--------------+--------+---------+----------+
| train        | 62.968 | 62.345  | 61.923   |
+--------------+--------+---------+----------+
| tvmonitor    | 61.797 | 59.199  | 59.012   |
+--------------+--------+---------+----------+
| mIoU         | 74.050 | 69.854  | 71.835   |
+--------------+--------+---------+----------+
2023-04-24 17:53:45,273 - train_voc.py - INFO: Iter: 18200; Elasped: 8:55:09; ETA: 0:52:55; LR: 6.874e-06; cls_loss: 0.0291, cls_loss_aux: 0.0244, ptc_loss: 0.0525, lig_loss: 0.7095, lil_loss: 1.7306, seg_loss: 0.0688...
2023-04-24 17:59:18,251 - train_voc.py - INFO: Iter: 18400; Elasped: 9:00:42; ETA: 0:47:01; LR: 6.183e-06; cls_loss: 0.0288, cls_loss_aux: 0.0232, ptc_loss: 0.0422, lig_loss: 0.7246, lil_loss: 1.5204, seg_loss: 0.0635...
2023-04-24 18:04:53,346 - train_voc.py - INFO: Iter: 18600; Elasped: 9:06:17; ETA: 0:41:07; LR: 5.483e-06; cls_loss: 0.0277, cls_loss_aux: 0.0230, ptc_loss: 0.0470, lig_loss: 0.7380, lil_loss: 1.5226, seg_loss: 0.0713...
2023-04-24 18:10:22,733 - train_voc.py - INFO: Iter: 18800; Elasped: 9:11:46; ETA: 0:35:13; LR: 4.773e-06; cls_loss: 0.0283, cls_loss_aux: 0.0208, ptc_loss: 0.0422, lig_loss: 0.7131, lil_loss: 1.6297, seg_loss: 0.0639...
2023-04-24 18:15:58,013 - train_voc.py - INFO: Iter: 19000; Elasped: 9:17:22; ETA: 0:29:20; LR: 4.051e-06; cls_loss: 0.0257, cls_loss_aux: 0.0179, ptc_loss: 0.0397, lig_loss: 0.8235, lil_loss: 1.6047, seg_loss: 0.0552...
2023-04-24 18:21:26,524 - train_voc.py - INFO: Iter: 19200; Elasped: 9:22:50; ETA: 0:23:27; LR: 3.315e-06; cls_loss: 0.0270, cls_loss_aux: 0.0205, ptc_loss: 0.0422, lig_loss: 0.8515, lil_loss: 1.5095, seg_loss: 0.0643...
2023-04-24 18:26:54,780 - train_voc.py - INFO: Iter: 19400; Elasped: 9:28:18; ETA: 0:17:34; LR: 2.560e-06; cls_loss: 0.0246, cls_loss_aux: 0.0183, ptc_loss: 0.0489, lig_loss: 0.8334, lil_loss: 1.5308, seg_loss: 0.0532...
2023-04-24 18:32:25,388 - train_voc.py - INFO: Iter: 19600; Elasped: 9:33:49; ETA: 0:11:42; LR: 1.779e-06; cls_loss: 0.0250, cls_loss_aux: 0.0185, ptc_loss: 0.0464, lig_loss: 0.8360, lil_loss: 1.4399, seg_loss: 0.0644...
2023-04-24 18:38:05,224 - train_voc.py - INFO: Iter: 19800; Elasped: 9:39:29; ETA: 0:05:51; LR: 9.552e-07; cls_loss: 0.0285, cls_loss_aux: 0.0211, ptc_loss: 0.0445, lig_loss: 0.8460, lil_loss: 1.3867, seg_loss: 0.0565...
2023-04-24 18:44:43,298 - train_voc.py - INFO: Iter: 20000; Elasped: 9:46:07; ETA: 0:00:00; LR: 8.077e-09; cls_loss: 0.0280, cls_loss_aux: 0.0183, ptc_loss: 0.0458, lig_loss: 0.8700, lil_loss: 1.2970, seg_loss: 0.0641...
2023-04-24 18:44:43,334 - train_voc.py - INFO: Validating...
2023-04-24 18:51:08,416 - train_voc.py - INFO: val cls score: 0.924224
2023-04-24 18:51:08,420 - train_voc.py - INFO: 
+--------------+--------+---------+----------+
|    Class     |  CAM   | aux_CAM | Seg_Pred |
+==============+========+=========+==========+
| _background_ | 91.931 | 90.355  | 91.956   |
+--------------+--------+---------+----------+
| aeroplane    | 84.165 | 82.642  | 84.494   |
+--------------+--------+---------+----------+
| bicycle      | 41.702 | 36.926  | 39.153   |
+--------------+--------+---------+----------+
| bird         | 85.578 | 82.215  | 87.674   |
+--------------+--------+---------+----------+
| boat         | 70.974 | 61.200  | 69.730   |
+--------------+--------+---------+----------+
| bottle       | 78.499 | 64.878  | 77.830   |
+--------------+--------+---------+----------+
| bus          | 87.289 | 84.631  | 87.060   |
+--------------+--------+---------+----------+
| car          | 77.557 | 72.710  | 77.897   |
+--------------+--------+---------+----------+
| cat          | 85.901 | 81.733  | 87.522   |
+--------------+--------+---------+----------+
| chair        | 47.078 | 46.582  | 34.383   |
+--------------+--------+---------+----------+
| cow          | 82.456 | 75.961  | 81.725   |
+--------------+--------+---------+----------+
| diningtable  | 50.517 | 53.784  | 51.734   |
+--------------+--------+---------+----------+
| dog          | 88.209 | 84.025  | 85.817   |
+--------------+--------+---------+----------+
| horse        | 83.657 | 78.928  | 83.622   |
+--------------+--------+---------+----------+
| motorbike    | 75.776 | 77.009  | 72.455   |
+--------------+--------+---------+----------+
| person       | 82.826 | 80.362  | 82.635   |
+--------------+--------+---------+----------+
| pottedplant  | 61.112 | 47.326  | 56.512   |
+--------------+--------+---------+----------+
| sheep        | 85.936 | 82.031  | 86.444   |
+--------------+--------+---------+----------+
| sofa         | 69.354 | 71.155  | 54.809   |
+--------------+--------+---------+----------+
| train        | 63.006 | 62.006  | 62.277   |
+--------------+--------+---------+----------+
| tvmonitor    | 63.806 | 61.658  | 60.072   |
+--------------+--------+---------+----------+
| mIoU         | 74.159 | 70.386  | 72.181   |
+--------------+--------+---------+----------+
